  Final.cpp
c:\users\arkra\desktop\project1\project1\include\shader_m.h(44): warning C4101: 'e': variable local sin referencia
c:\users\arkra\desktop\project1\project1\include\modelanim.h(104): warning C4244: '=': conversión de 'double' a 'float'; posible pérdida de datos
c:\users\arkra\desktop\project1\project1\include\modelanim.h(520): warning C4244: 'inicializando': conversión de 'double' a 'float'; posible pérdida de datos
c:\users\arkra\desktop\project1\project1\final.cpp(118): warning C4244: 'inicializando': conversión de 'float' a 'int'; posible pérdida de datos
c:\users\arkra\desktop\project1\project1\final.cpp(932): warning C4305: 'argumento': truncamiento de 'double' a 'T'
          with
          [
              T=float
          ]
c:\users\arkra\desktop\project1\project1\final.cpp(939): warning C4305: 'argumento': truncamiento de 'double' a 'T'
          with
          [
              T=float
          ]
c:\users\arkra\desktop\project1\project1\final.cpp(947): warning C4305: 'argumento': truncamiento de 'double' a 'T'
          with
          [
              T=float
          ]
c:\users\arkra\desktop\project1\project1\final.cpp(954): warning C4305: 'argumento': truncamiento de 'double' a 'T'
          with
          [
              T=float
          ]
c:\users\arkra\desktop\project1\project1\final.cpp(1232): warning C4244: '=': conversión de 'double' a 'float'; posible pérdida de datos
c:\users\arkra\desktop\project1\project1\final.cpp(1233): warning C4244: '=': conversión de 'double' a 'float'; posible pérdida de datos
c:\users\arkra\desktop\project1\project1\final.cpp(1237): warning C4244: 'inicializando': conversión de 'double' a 'float'; posible pérdida de datos
c:\users\arkra\desktop\project1\project1\final.cpp(1238): warning C4244: 'inicializando': conversión de 'double' a 'float'; posible pérdida de datos
c:\users\arkra\desktop\project1\project1\final.cpp(1240): warning C4244: '=': conversión de 'double' a 'float'; posible pérdida de datos
c:\users\arkra\desktop\project1\project1\final.cpp(1241): warning C4244: '=': conversión de 'double' a 'float'; posible pérdida de datos
c:\users\arkra\desktop\project1\project1\final.cpp(1249): warning C4244: 'argumento': conversión de 'double' a 'float'; posible pérdida de datos
  Project1.vcxproj -> C:\Users\arkra\Desktop\Project1\Debug\Project1.exe
